<?xml version="1.0" encoding="UTF-8"?>
<!-- Generated by org.testng.reporters.JUnitXMLReporter -->
<testsuite ignored="14" hostname="DESKTOP-BPHTNCM" failures="0" tests="1" name="Default test" time="21.872" errors="0" timestamp="2024-10-09T13:49:28 BDT">
  <testcase classname="MobileAutomation.Mahfil_app.login" name="login12" time="7.434"/>
  <testcase classname="MobileAutomation.Mahfil_app.login" name="login1" time="0.0">
    <ignored/>
  </testcase> <!-- login1 -->
  <testcase classname="MobileAutomation.Mahfil_app.login" name="login16" time="0.0">
    <ignored/>
  </testcase> <!-- login16 -->
  <testcase classname="MobileAutomation.Mahfil_app.login" name="login15" time="0.0">
    <ignored/>
  </testcase> <!-- login15 -->
  <testcase classname="MobileAutomation.Mahfil_app.login" name="login5" time="0.0">
    <ignored/>
  </testcase> <!-- login5 -->
  <testcase classname="MobileAutomation.Mahfil_app.login" name="login4" time="0.0">
    <ignored/>
  </testcase> <!-- login4 -->
  <testcase classname="MobileAutomation.Mahfil_app.login" name="login3" time="0.0">
    <ignored/>
  </testcase> <!-- login3 -->
  <testcase classname="MobileAutomation.Mahfil_app.login" name="login2" time="0.0">
    <ignored/>
  </testcase> <!-- login2 -->
  <testcase classname="MobileAutomation.Mahfil_app.login" name="login10" time="0.0">
    <ignored/>
  </testcase> <!-- login10 -->
  <testcase classname="MobileAutomation.Mahfil_app.login" name="login8" time="0.0">
    <ignored/>
  </testcase> <!-- login8 -->
  <testcase classname="MobileAutomation.Mahfil_app.login" name="login7" time="0.0">
    <ignored/>
  </testcase> <!-- login7 -->
  <testcase classname="MobileAutomation.Mahfil_app.login" name="login6" time="0.0">
    <ignored/>
  </testcase> <!-- login6 -->
  <testcase classname="MobileAutomation.Mahfil_app.login" name="login14" time="0.0">
    <ignored/>
  </testcase> <!-- login14 -->
  <testcase classname="MobileAutomation.Mahfil_app.login" name="login13" time="0.0">
    <ignored/>
  </testcase> <!-- login13 -->
  <testcase classname="MobileAutomation.Mahfil_app.login" name="signup10" time="0.0">
    <ignored/>
  </testcase> <!-- signup10 -->
</testsuite> <!-- Default test -->
