<?xml version="1.0" encoding="UTF-8"?>
<!-- Generated by org.testng.reporters.JUnitXMLReporter -->
<testsuite ignored="20" hostname="DESKTOP-BPHTNCM" failures="0" tests="1" name="Default test" time="36.539" errors="0" timestamp="2024-10-15T13:28:12 BDT">
  <testcase classname="MobileAutomation.Mahfil_app.videoPlayer" name="@BeforeGroups General" time="25.178">
    <failure type="java.lang.AssertionError" message="Title didn&amp;apos;t matched expected [Logout] but found [Sign In]">
      <![CDATA[java.lang.AssertionError: Title didn't matched expected [Logout] but found [Sign In]
at org.testng.Assert.fail(Assert.java:110)
at org.testng.Assert.failNotEquals(Assert.java:1577)
at org.testng.Assert.assertEqualsImpl(Assert.java:149)
at org.testng.Assert.assertEquals(Assert.java:131)
at org.testng.Assert.assertEquals(Assert.java:655)
at MobileAutomation.Mahfil_app.menuPageLocators.checkTitle(menuPageLocators.java:211)
at MobileAutomation.Mahfil_app.videoPlayer.General(videoPlayer.java:44)
at java.base/jdk.internal.reflect.DirectMethodHandleAccessor.invoke(DirectMethodHandleAccessor.java:103)
at java.base/java.lang.reflect.Method.invoke(Method.java:580)
at org.testng.internal.invokers.MethodInvocationHelper.invokeMethod(MethodInvocationHelper.java:139)
at org.testng.internal.invokers.MethodInvocationHelper.invokeMethodConsideringTimeout(MethodInvocationHelper.java:69)
at org.testng.internal.invokers.ConfigInvoker.invokeConfigurationMethod(ConfigInvoker.java:361)
at org.testng.internal.invokers.ConfigInvoker.invokeConfigurations(ConfigInvoker.java:296)
at org.testng.internal.invokers.ConfigInvoker.invokeBeforeGroupsConfigurations(ConfigInvoker.java:150)
at org.testng.internal.invokers.TestInvoker.invokeMethod(TestInvoker.java:585)
at org.testng.internal.invokers.TestInvoker.invokeTestMethod(TestInvoker.java:221)
at org.testng.internal.invokers.MethodRunner.runInSequence(MethodRunner.java:50)
at org.testng.internal.invokers.TestInvoker$MethodInvocationAgent.invoke(TestInvoker.java:969)
at org.testng.internal.invokers.TestInvoker.invokeTestMethods(TestInvoker.java:194)
at org.testng.internal.invokers.TestMethodWorker.invokeTestMethods(TestMethodWorker.java:148)
at org.testng.internal.invokers.TestMethodWorker.run(TestMethodWorker.java:128)
at java.base/java.util.ArrayList.forEach(ArrayList.java:1596)
at org.testng.TestRunner.privateRun(TestRunner.java:829)
at org.testng.TestRunner.run(TestRunner.java:602)
at org.testng.SuiteRunner.runTest(SuiteRunner.java:437)
at org.testng.SuiteRunner.runSequentially(SuiteRunner.java:431)
at org.testng.SuiteRunner.privateRun(SuiteRunner.java:391)
at org.testng.SuiteRunner.run(SuiteRunner.java:330)
at org.testng.SuiteRunnerWorker.runSuite(SuiteRunnerWorker.java:52)
at org.testng.SuiteRunnerWorker.run(SuiteRunnerWorker.java:95)
at org.testng.TestNG.runSuitesSequentially(TestNG.java:1256)
at org.testng.TestNG.runSuitesLocally(TestNG.java:1176)
at org.testng.TestNG.runSuites(TestNG.java:1099)
at org.testng.TestNG.run(TestNG.java:1067)
at org.testng.remote.AbstractRemoteTestNG.run(AbstractRemoteTestNG.java:115)
at org.testng.remote.RemoteTestNG.initAndRun(RemoteTestNG.java:251)
at org.testng.remote.RemoteTestNG.main(RemoteTestNG.java:77)
]]>
    </failure>
  </testcase> <!-- @BeforeGroups General -->
  <testcase classname="MobileAutomation.Mahfil_app.videoPlayer" name="downloadButtonCheckGeneral" time="0.0">
    <skipped/>
  </testcase> <!-- downloadButtonCheckGeneral -->
  <testcase classname="MobileAutomation.Mahfil_app.videoPlayer" name="reportButtonCheck" time="0.0">
    <ignored/>
  </testcase> <!-- reportButtonCheck -->
  <testcase classname="MobileAutomation.Mahfil_app.videoPlayer" name="shareButtonCheckGuest" time="0.0">
    <ignored/>
  </testcase> <!-- shareButtonCheckGuest -->
  <testcase classname="MobileAutomation.Mahfil_app.videoPlayer" name="reportButtonCheckGuest" time="0.0">
    <ignored/>
  </testcase> <!-- reportButtonCheckGuest -->
  <testcase classname="MobileAutomation.Mahfil_app.videoPlayer" name="relatedVideoReport" time="0.0">
    <ignored/>
  </testcase> <!-- relatedVideoReport -->
  <testcase classname="MobileAutomation.Mahfil_app.videoPlayer" name="unsubscribeButton" time="0.0">
    <ignored/>
  </testcase> <!-- unsubscribeButton -->
  <testcase classname="MobileAutomation.Mahfil_app.videoPlayer" name="favouriteButtonCheckGuest" time="0.0">
    <ignored/>
  </testcase> <!-- favouriteButtonCheckGuest -->
  <testcase classname="MobileAutomation.Mahfil_app.videoPlayer" name="relatedVideoFavourite" time="0.0">
    <ignored/>
  </testcase> <!-- relatedVideoFavourite -->
  <testcase classname="MobileAutomation.Mahfil_app.videoPlayer" name="relatedVideoFavouriteGuest" time="0.0">
    <ignored/>
  </testcase> <!-- relatedVideoFavouriteGuest -->
  <testcase classname="MobileAutomation.Mahfil_app.videoPlayer" name="relatedVideoReportGuest" time="0.0">
    <ignored/>
  </testcase> <!-- relatedVideoReportGuest -->
  <testcase classname="MobileAutomation.Mahfil_app.videoPlayer" name="relatedVideoShare" time="0.0">
    <ignored/>
  </testcase> <!-- relatedVideoShare -->
  <testcase classname="MobileAutomation.Mahfil_app.videoPlayer" name="commentCheck" time="0.0">
    <ignored/>
  </testcase> <!-- commentCheck -->
  <testcase classname="MobileAutomation.Mahfil_app.videoPlayer" name="reactionButtonCheck" time="0.0">
    <ignored/>
  </testcase> <!-- reactionButtonCheck -->
  <testcase classname="MobileAutomation.Mahfil_app.videoPlayer" name="favouriteButtonCheck" time="0.0">
    <ignored/>
  </testcase> <!-- favouriteButtonCheck -->
  <testcase classname="MobileAutomation.Mahfil_app.videoPlayer" name="shareButtonCheckGeneral" time="0.0">
    <ignored/>
  </testcase> <!-- shareButtonCheckGeneral -->
  <testcase classname="MobileAutomation.Mahfil_app.videoPlayer" name="commentCheckGuest" time="0.0">
    <ignored/>
  </testcase> <!-- commentCheckGuest -->
  <testcase classname="MobileAutomation.Mahfil_app.videoPlayer" name="reactionButtonCheckGuest" time="0.0">
    <ignored/>
  </testcase> <!-- reactionButtonCheckGuest -->
  <testcase classname="MobileAutomation.Mahfil_app.videoPlayer" name="downloadButtonCheckPremium" time="0.0">
    <ignored/>
  </testcase> <!-- downloadButtonCheckPremium -->
  <testcase classname="MobileAutomation.Mahfil_app.videoPlayer" name="subscribeButton" time="0.0">
    <ignored/>
  </testcase> <!-- subscribeButton -->
  <testcase classname="MobileAutomation.Mahfil_app.videoPlayer" name="relatedVideoShareGuest" time="0.0">
    <ignored/>
  </testcase> <!-- relatedVideoShareGuest -->
  <testcase classname="MobileAutomation.Mahfil_app.videoPlayer" name="subscribeButtonGuest" time="0.0">
    <ignored/>
  </testcase> <!-- subscribeButtonGuest -->
</testsuite> <!-- Default test -->
