<?xml version="1.0" encoding="UTF-8"?>
<testng-results ignored="11" total="12" passed="0" failed="1" skipped="0">
  <reporter-output>
  </reporter-output>
  <suite started-at="2024-10-16T18:55:40 BDT" name="Default suite" finished-at="2024-10-16T18:56:01 BDT" duration-ms="20867">
    <groups>
      <group name="guest">
        <method signature="helpAndFeedback.feedbackButtonCheckGuest()[pri:1, instance:MobileAutomation.Mahfil_app.helpAndFeedback@68567e20]" name="feedbackButtonCheckGuest" class="MobileAutomation.Mahfil_app.helpAndFeedback"/>
      </group> <!-- guest -->
    </groups>
    <test started-at="2024-10-16T18:55:40 BDT" name="Default test" finished-at="2024-10-16T18:56:01 BDT" duration-ms="20867">
      <class name="MobileAutomation.Mahfil_app.helpAndFeedback">
        <test-method is-config="true" signature="config()[pri:0, instance:MobileAutomation.Mahfil_app.helpAndFeedback@68567e20]" started-at="2024-10-16T18:55:41 BDT" name="config" finished-at="2024-10-16T18:55:45 BDT" duration-ms="4156" status="PASS">
          <reporter-output>
          </reporter-output>
        </test-method> <!-- config -->
        <test-method is-config="true" signature="before()[pri:0, instance:MobileAutomation.Mahfil_app.helpAndFeedback@68567e20]" started-at="2024-10-16T18:55:45 BDT" name="before" finished-at="2024-10-16T18:55:46 BDT" duration-ms="1317" status="PASS">
          <reporter-output>
          </reporter-output>
        </test-method> <!-- before -->
        <test-method is-config="true" signature="beforeMethod()[pri:0, instance:MobileAutomation.Mahfil_app.helpAndFeedback@68567e20]" started-at="2024-10-16T18:55:46 BDT" name="beforeMethod" finished-at="2024-10-16T18:55:51 BDT" duration-ms="4973" status="PASS">
          <reporter-output>
          </reporter-output>
        </test-method> <!-- beforeMethod -->
        <test-method signature="feedbackButtonCheckGuest()[pri:1, instance:MobileAutomation.Mahfil_app.helpAndFeedback@68567e20]" started-at="2024-10-16T18:55:51 BDT" name="feedbackButtonCheckGuest" description="Help and feedback Testcase 01: Check Help and feedback button clicks takes guest user to login page" finished-at="2024-10-16T18:56:01 BDT" duration-ms="10174" status="FAIL">
          <exception class="org.openqa.selenium.NoSuchElementException">
            <message>
              <![CDATA[Can't locate an element by this strategy: By.chained({AppiumBy.accessibilityId: Continue with Google})]]>
            </message>
            <full-stacktrace>
              <![CDATA[org.openqa.selenium.NoSuchElementException: Can't locate an element by this strategy: By.chained({AppiumBy.accessibilityId: Continue with Google})
at io.appium.java_client.pagefactory.AppiumElementLocator.findElement(AppiumElementLocator.java:166)
at io.appium.java_client.pagefactory.interceptors.InterceptorOfASingleElement.call(InterceptorOfASingleElement.java:64)
at io.appium.java_client.proxy.Interceptor.intercept(Interceptor.java:78)
at org.openqa.selenium.remote.RemoteWebElement$ByteBuddy$zfq0iagn.getAttribute(Unknown Source)
at MobileAutomation.Mahfil_app.authenticationLocators.checkTitle(authenticationLocators.java:171)
at MobileAutomation.Mahfil_app.helpAndFeedback.feedbackButtonCheckGuest(helpAndFeedback.java:63)
at java.base/jdk.internal.reflect.DirectMethodHandleAccessor.invoke(DirectMethodHandleAccessor.java:103)
at java.base/java.lang.reflect.Method.invoke(Method.java:580)
at org.testng.internal.invokers.MethodInvocationHelper.invokeMethod(MethodInvocationHelper.java:139)
at org.testng.internal.invokers.TestInvoker.invokeMethod(TestInvoker.java:677)
at org.testng.internal.invokers.TestInvoker.invokeTestMethod(TestInvoker.java:221)
at org.testng.internal.invokers.MethodRunner.runInSequence(MethodRunner.java:50)
at org.testng.internal.invokers.TestInvoker$MethodInvocationAgent.invoke(TestInvoker.java:969)
at org.testng.internal.invokers.TestInvoker.invokeTestMethods(TestInvoker.java:194)
at org.testng.internal.invokers.TestMethodWorker.invokeTestMethods(TestMethodWorker.java:148)
at org.testng.internal.invokers.TestMethodWorker.run(TestMethodWorker.java:128)
at java.base/java.util.ArrayList.forEach(ArrayList.java:1596)
at org.testng.TestRunner.privateRun(TestRunner.java:829)
at org.testng.TestRunner.run(TestRunner.java:602)
at org.testng.SuiteRunner.runTest(SuiteRunner.java:437)
at org.testng.SuiteRunner.runSequentially(SuiteRunner.java:431)
at org.testng.SuiteRunner.privateRun(SuiteRunner.java:391)
at org.testng.SuiteRunner.run(SuiteRunner.java:330)
at org.testng.SuiteRunnerWorker.runSuite(SuiteRunnerWorker.java:52)
at org.testng.SuiteRunnerWorker.run(SuiteRunnerWorker.java:95)
at org.testng.TestNG.runSuitesSequentially(TestNG.java:1256)
at org.testng.TestNG.runSuitesLocally(TestNG.java:1176)
at org.testng.TestNG.runSuites(TestNG.java:1099)
at org.testng.TestNG.run(TestNG.java:1067)
at org.testng.remote.AbstractRemoteTestNG.run(AbstractRemoteTestNG.java:115)
at org.testng.remote.RemoteTestNG.initAndRun(RemoteTestNG.java:251)
at org.testng.remote.RemoteTestNG.main(RemoteTestNG.java:77)
Caused by: org.openqa.selenium.TimeoutException: Expected condition failed: waiting for io.appium.java_client.pagefactory.AppiumElementLocator$WaitingFunction@d0a2c82 (tried for 1 second(s) with 500 milliseconds interval)
at org.openqa.selenium.support.ui.FluentWait.timeoutException(FluentWait.java:262)
at org.openqa.selenium.support.ui.FluentWait.until(FluentWait.java:230)
at io.appium.java_client.pagefactory.AppiumElementLocator.waitFor(AppiumElementLocator.java:135)
at io.appium.java_client.pagefactory.AppiumElementLocator.findElement(AppiumElementLocator.java:160)
... 31 more
Caused by: org.openqa.selenium.NoSuchElementException: Cannot locate an element using By.chained({AppiumBy.accessibilityId: Continue with Google})
For documentation on this error, please visit: https://www.selenium.dev/documentation/webdriver/troubleshooting/errors#no-such-element-exception
Build info: version: '4.13.0', revision: 'ba948ece5b*'
System info: os.name: 'Windows 10', os.arch: 'amd64', os.version: '10.0', java.version: '21'
Driver info: driver.version: RemoteWebDriver
at io.appium.java_client.pagefactory.bys.builder.ByChained.findElement(ByChained.java:77)
at org.openqa.selenium.remote.ElementLocation$ElementFinder$1.findElement(ElementLocation.java:139)
at org.openqa.selenium.remote.ElementLocation.findElement(ElementLocation.java:59)
at org.openqa.selenium.remote.RemoteWebDriver.findElement(RemoteWebDriver.java:359)
at org.openqa.selenium.remote.RemoteWebDriver.findElement(RemoteWebDriver.java:353)
at io.appium.java_client.pagefactory.bys.ContentMappedBy.findElement(ContentMappedBy.java:53)
at org.openqa.selenium.remote.ElementLocation$ElementFinder$1.findElement(ElementLocation.java:139)
at org.openqa.selenium.remote.ElementLocation.findElement(ElementLocation.java:59)
at org.openqa.selenium.remote.RemoteWebDriver.findElement(RemoteWebDriver.java:359)
at org.openqa.selenium.remote.RemoteWebDriver.findElement(RemoteWebDriver.java:353)
at io.appium.java_client.pagefactory.AppiumElementLocator.lambda$findElement$1(AppiumElementLocator.java:160)
at io.appium.java_client.pagefactory.AppiumElementLocator$WaitingFunction.apply(AppiumElementLocator.java:217)
at io.appium.java_client.pagefactory.AppiumElementLocator$WaitingFunction.apply(AppiumElementLocator.java:210)
at org.openqa.selenium.support.ui.FluentWait.until(FluentWait.java:205)
... 33 more
]]>
            </full-stacktrace>
          </exception> <!-- org.openqa.selenium.NoSuchElementException -->
          <reporter-output>
          </reporter-output>
        </test-method> <!-- feedbackButtonCheckGuest -->
        <test-method is-config="true" signature="home()[pri:0, instance:MobileAutomation.Mahfil_app.helpAndFeedback@68567e20]" started-at="2024-10-16T18:56:01 BDT" name="home" finished-at="2024-10-16T18:56:01 BDT" duration-ms="64" status="PASS">
          <reporter-output>
          </reporter-output>
        </test-method> <!-- home -->
        <test-method is-config="true" signature="closeConnection()[pri:0, instance:MobileAutomation.Mahfil_app.helpAndFeedback@68567e20]" started-at="2024-10-16T18:56:01 BDT" name="closeConnection" finished-at="2024-10-16T18:56:01 BDT" duration-ms="160" status="PASS">
          <reporter-output>
          </reporter-output>
        </test-method> <!-- closeConnection -->
      </class> <!-- MobileAutomation.Mahfil_app.helpAndFeedback -->
    </test> <!-- Default test -->
  </suite> <!-- Default suite -->
</testng-results>
