<?xml version="1.0" encoding="UTF-8"?>
<testng-results ignored="7" total="8" passed="1" failed="0" skipped="0">
  <reporter-output>
  </reporter-output>
  <suite started-at="2024-09-22T12:45:23 BDT" name="Default suite" finished-at="2024-09-22T12:45:34 BDT" duration-ms="10823">
    <groups>
      <group name="general">
        <method signature="Downloads.premiumcloseButtonCheck()[pri:2, instance:MobileAutomation.Mahfil_app.Downloads@78691363]" name="premiumcloseButtonCheck" class="MobileAutomation.Mahfil_app.Downloads"/>
      </group> <!-- general -->
    </groups>
    <test started-at="2024-09-22T12:45:23 BDT" name="Default test" finished-at="2024-09-22T12:45:34 BDT" duration-ms="10823">
      <class name="MobileAutomation.Mahfil_app.Downloads">
        <test-method is-config="true" signature="config()[pri:0, instance:MobileAutomation.Mahfil_app.Downloads@78691363]" started-at="2024-09-22T12:45:23 BDT" name="config" finished-at="2024-09-22T12:45:27 BDT" duration-ms="4026" status="PASS">
          <reporter-output>
          </reporter-output>
        </test-method> <!-- config -->
        <test-method is-config="true" signature="before()[pri:0, instance:MobileAutomation.Mahfil_app.Downloads@78691363]" started-at="2024-09-22T12:45:27 BDT" name="before" finished-at="2024-09-22T12:45:30 BDT" duration-ms="2641" status="PASS">
          <reporter-output>
          </reporter-output>
        </test-method> <!-- before -->
        <test-method signature="premiumcloseButtonCheck()[pri:2, instance:MobileAutomation.Mahfil_app.Downloads@78691363]" started-at="2024-09-22T12:45:30 BDT" name="premiumcloseButtonCheck" description="Download Testcase 02:Check premium popup close button is working in downloads" finished-at="2024-09-22T12:45:32 BDT" duration-ms="2530" status="PASS">
          <reporter-output>
          </reporter-output>
        </test-method> <!-- premiumcloseButtonCheck -->
        <test-method is-config="true" signature="home()[pri:0, instance:MobileAutomation.Mahfil_app.Downloads@78691363]" started-at="2024-09-22T12:45:32 BDT" name="home" finished-at="2024-09-22T12:45:34 BDT" duration-ms="1407" status="PASS">
          <reporter-output>
          </reporter-output>
        </test-method> <!-- home -->
        <test-method is-config="true" signature="closeConnection()[pri:0, instance:MobileAutomation.Mahfil_app.Downloads@78691363]" started-at="2024-09-22T12:45:34 BDT" name="closeConnection" finished-at="2024-09-22T12:45:34 BDT" duration-ms="195" status="PASS">
          <reporter-output>
          </reporter-output>
        </test-method> <!-- closeConnection -->
      </class> <!-- MobileAutomation.Mahfil_app.Downloads -->
    </test> <!-- Default test -->
  </suite> <!-- Default suite -->
</testng-results>
