<?xml version="1.0" encoding="UTF-8"?>
<!-- Generated by org.testng.reporters.JUnitXMLReporter -->
<testsuite ignored="0" hostname="DESKTOP-BPHTNCM" failures="1" tests="13" name="Test Menu Functionality" time="150.667" errors="0" timestamp="2024-10-17T08:32:32 BDT">
  <testcase classname="MobileAutomation.Mahfil_app.LiveDashboard" name="dashboardButtonCheckGuest" time="0.835"/>
  <testcase classname="MobileAutomation.Mahfil_app.LiveDashboard" name="dashboardButtonCheck" time="0.87"/>
  <testcase classname="MobileAutomation.Mahfil_app.LiveDashboard" name="notificationButtonCheck" time="1.841"/>
  <testcase classname="MobileAutomation.Mahfil_app.LiveDashboard" name="searchButtonCheck" time="1.556">
    <failure type="java.lang.AssertionError" message="Title didn&amp;apos;t matched expected [Popular Search] but found [Popular Channels]">
      <![CDATA[java.lang.AssertionError: Title didn't matched expected [Popular Search] but found [Popular Channels]
at MobileAutomation.Mahfil_app.LiveDashboardLocators.checkTitle(LiveDashboardLocators.java:203)
at MobileAutomation.Mahfil_app.LiveDashboard.searchButtonCheck(LiveDashboard.java:94)
at java.base/java.util.ArrayList.forEach(ArrayList.java:1596)
... Removed 30 stack frames]]>
    </failure>
  </testcase> <!-- searchButtonCheck -->
  <testcase classname="MobileAutomation.Mahfil_app.LiveDashboard" name="backButtonCheck" time="1.824"/>
  <testcase classname="MobileAutomation.Mahfil_app.LiveDashboard" name="channelLogoCheck" time="2.074"/>
  <testcase classname="MobileAutomation.Mahfil_app.LiveDashboard" name="LiveVideoCheck" time="24.421"/>
  <testcase classname="MobileAutomation.Mahfil_app.LiveDashboard" name="subscribeButtonCheck" time="1.855"/>
  <testcase classname="MobileAutomation.Mahfil_app.LiveDashboard" name="unsubscribeButtonCheck" time="2.271"/>
  <testcase classname="MobileAutomation.Mahfil_app.LiveDashboard" name="liveshareCheck" time="5.485"/>
  <testcase classname="MobileAutomation.Mahfil_app.LiveDashboard" name="adFavCheck" time="4.643"/>
  <testcase classname="MobileAutomation.Mahfil_app.LiveDashboard" name="removeFavCheck" time="4.694"/>
  <testcase classname="MobileAutomation.Mahfil_app.LiveDashboard" name="reportCheck" time="5.819"/>
</testsuite> <!-- Test Menu Functionality -->
