<?xml version="1.0" encoding="UTF-8"?>
<!-- Generated by org.testng.reporters.JUnitXMLReporter -->
<testsuite ignored="0" hostname="DESKTOP-BPHTNCM" failures="1" tests="12" name="Test Menu Functionality" time="129.559" errors="0" timestamp="2024-10-16T10:58:53 BDT">
  <testcase classname="MobileAutomation.Mahfil_app.LiveDashboard" name="dashboardButtonCheck" time="0.918"/>
  <testcase classname="MobileAutomation.Mahfil_app.LiveDashboard" name="notificationButtonCheck" time="2.313"/>
  <testcase classname="MobileAutomation.Mahfil_app.LiveDashboard" name="searchButtonCheck" time="1.777"/>
  <testcase classname="MobileAutomation.Mahfil_app.LiveDashboard" name="backButtonCheck" time="1.797"/>
  <testcase classname="MobileAutomation.Mahfil_app.LiveDashboard" name="channelLogoCheck" time="2.096"/>
  <testcase classname="MobileAutomation.Mahfil_app.LiveDashboard" name="LiveVideoCheck" time="24.273"/>
  <testcase classname="MobileAutomation.Mahfil_app.LiveDashboard" name="subscribeButtonCheck" time="1.898"/>
  <testcase classname="MobileAutomation.Mahfil_app.LiveDashboard" name="unsubscribeButtonCheck" time="2.615"/>
  <testcase classname="MobileAutomation.Mahfil_app.LiveDashboard" name="liveshareCheck" time="5.662"/>
  <testcase classname="MobileAutomation.Mahfil_app.LiveDashboard" name="adFavCheck" time="4.691"/>
  <testcase classname="MobileAutomation.Mahfil_app.LiveDashboard" name="removeFavCheck" time="4.653"/>
  <testcase classname="MobileAutomation.Mahfil_app.LiveDashboard" name="reportCheck" time="13.202">
    <failure type="org.openqa.selenium.NoSuchElementException" message="An element could not be located on the page using the given search parameters.
For documentation on this error, please visit: https://www.selenium.dev/documentation/webdriver/troubleshooting/errors#no-such-element-exception
Build info: version: &amp;apos;4.13.0&amp;apos;, revision: &amp;apos;ba948ece5b*&amp;apos;
System info: os.name: &amp;apos;Windows 10&amp;apos;, os.arch: &amp;apos;amd64&amp;apos;, os.version: &amp;apos;10.0&amp;apos;, java.version: &amp;apos;21&amp;apos;
Driver info: io.appium.java_client.android.AndroidDriver
Command: [6ebb211d-126e-4718-bbcf-bbfd4b377590, findElement {using=accessibility id, value=Spam or misleading}]
Capabilities {appium:app: C:\Users\alhas\eclipse-work..., appium:appPackage: com.mahfil.app, appium:automationName: UIAutomator2, appium:databaseEnabled: false, appium:desired: {app: C:\Users\alhas\eclipse-work..., automationName: UIAutomator2, deviceName: device1, noReset: true, platformName: ANDROID}, appium:deviceApiLevel: 34, appium:deviceManufacturer: Google, appium:deviceModel: sdk_gphone64_x86_64, appium:deviceName: emulator-5554, appium:deviceScreenDensity: 560, appium:deviceScreenSize: 1440x3120, appium:deviceUDID: emulator-5554, appium:javascriptEnabled: true, appium:locationContextEnabled: false, appium:networkConnectionEnabled: true, appium:noReset: true, appium:pixelRatio: 3.5, appium:platformVersion: 14, appium:statBarHeight: 84, appium:takesScreenshot: true, appium:viewportRect: {height: 3036, left: 0, top: 84, width: 1440}, appium:warnings: {}, appium:webStorageEnabled: false, platformName: ANDROID}
Session ID: 6ebb211d-126e-4718-bbcf-bbfd4b377590">
      <![CDATA[org.openqa.selenium.NoSuchElementException: An element could not be located on the page using the given search parameters.
For documentation on this error, please visit: https://www.selenium.dev/documentation/webdriver/troubleshooting/errors#no-such-element-exception
Build info: version: '4.13.0', revision: 'ba948ece5b*'
System info: os.name: 'Windows 10', os.arch: 'amd64', os.version: '10.0', java.version: '21'
Driver info: io.appium.java_client.android.AndroidDriver
Command: [6ebb211d-126e-4718-bbcf-bbfd4b377590, findElement {using=accessibility id, value=Spam or misleading}]
Capabilities {appium:app: C:\Users\alhas\eclipse-work..., appium:appPackage: com.mahfil.app, appium:automationName: UIAutomator2, appium:databaseEnabled: false, appium:desired: {app: C:\Users\alhas\eclipse-work..., automationName: UIAutomator2, deviceName: device1, noReset: true, platformName: ANDROID}, appium:deviceApiLevel: 34, appium:deviceManufacturer: Google, appium:deviceModel: sdk_gphone64_x86_64, appium:deviceName: emulator-5554, appium:deviceScreenDensity: 560, appium:deviceScreenSize: 1440x3120, appium:deviceUDID: emulator-5554, appium:javascriptEnabled: true, appium:locationContextEnabled: false, appium:networkConnectionEnabled: true, appium:noReset: true, appium:pixelRatio: 3.5, appium:platformVersion: 14, appium:statBarHeight: 84, appium:takesScreenshot: true, appium:viewportRect: {height: 3036, left: 0, top: 84, width: 1440}, appium:warnings: {}, appium:webStorageEnabled: false, platformName: ANDROID}
Session ID: 6ebb211d-126e-4718-bbcf-bbfd4b377590
at org.openqa.selenium.remote.codec.w3c.W3CHttpResponseCodec.createException(W3CHttpResponseCodec.java:200)
at org.openqa.selenium.remote.codec.w3c.W3CHttpResponseCodec.decode(W3CHttpResponseCodec.java:133)
at org.openqa.selenium.remote.codec.w3c.W3CHttpResponseCodec.decode(W3CHttpResponseCodec.java:52)
at org.openqa.selenium.remote.HttpCommandExecutor.execute(HttpCommandExecutor.java:191)
at io.appium.java_client.remote.AppiumCommandExecutor.execute(AppiumCommandExecutor.java:250)
at org.openqa.selenium.remote.RemoteWebDriver.execute(RemoteWebDriver.java:602)
at org.openqa.selenium.remote.ElementLocation$ElementFinder$2.findElement(ElementLocation.java:165)
at org.openqa.selenium.remote.ElementLocation.findElement(ElementLocation.java:59)
at org.openqa.selenium.remote.RemoteWebDriver.findElement(RemoteWebDriver.java:359)
at org.openqa.selenium.remote.RemoteWebDriver.findElement(RemoteWebDriver.java:353)
at MobileAutomation.Mahfil_app.LiveDashboardLocators.report(LiveDashboardLocators.java:149)
at MobileAutomation.Mahfil_app.LiveDashboard.reportCheck(LiveDashboard.java:164)
at java.base/java.util.ArrayList.forEach(ArrayList.java:1596)
... Removed 28 stack frames]]>
    </failure>
  </testcase> <!-- reportCheck -->
</testsuite> <!-- Test Menu Functionality -->
