<?xml version="1.0" encoding="UTF-8"?>
<!-- Generated by org.testng.reporters.JUnitXMLReporter -->
<testsuite ignored="0" hostname="DESKTOP-BPHTNCM" failures="0" tests="5" name="Test Live Dashboard Functionality" time="72.471" errors="0" timestamp="2024-10-17T09:28:34 BDT">
  <testcase classname="MobileAutomation.Mahfil_app.privacy" name="notificationButtonCheckGuest" time="0.971"/>
  <testcase classname="MobileAutomation.Mahfil_app.privacy" name="privacyButtonCheck" time="0.052"/>
  <testcase classname="MobileAutomation.Mahfil_app.privacy" name="notificationButtonCheck" time="0.999"/>
  <testcase classname="MobileAutomation.Mahfil_app.privacy" name="searchButtonCheck" time="0.984"/>
  <testcase classname="MobileAutomation.Mahfil_app.privacy" name="backButtonCheck" time="0.976"/>
</testsuite> <!-- Test Live Dashboard Functionality -->
